#
# An unexpected error has been detected by Java Runtime Environment:
#
#  Internal Error (os_win32_amd64.cpp:68), pid=8140, tid=8172
#  Error: guarantee(result == -1,"Unexpected result from topLevelExceptionFilter")
#
# Java VM: Java HotSpot(TM) 64-Bit Server VM (10.0-b19 mixed mode windows-amd64)
# If you would like to submit a bug report, please visit:
#   http://java.sun.com/webapps/bugreport/crash.jsp
# The crash happened outside the Java Virtual Machine in native code.
# See problematic frame for where to report the bug.
#

---------------  T H R E A D  ---------------

Current thread (0x00000000042dfc00):  JavaThread "main" [_thread_in_native, id=8172, stack(0x0000000000030000,0x0000000001030000)]

Stack: [0x0000000000030000,0x0000000001030000]
[error occurred during error reporting (printing stack bounds), id 0xc0000005]


[error occurred during error reporting (printing native stack), id 0xc0000005]

Java frames: (J=compiled Java code, j=interpreted, Vv=VM code)
v  ~BufferBlob::Interpreter
v  ~BufferBlob::Interpreter
v  ~BufferBlob::Interpreter
v  ~BufferBlob::Interpreter
v  ~BufferBlob::Interpreter
v  ~BufferBlob::Interpreter
v  ~BufferBlob::Interpreter
v  ~BufferBlob::Interpreter
v  ~BufferBlob::Interpreter
v  ~BufferBlob::Interpreter
v  ~BufferBlob::Interpreter
v  ~BufferBlob::Interpreter
v  ~BufferBlob::Interpreter
v  ~BufferBlob::Interpreter
v  ~BufferBlob::Interpreter
v  ~BufferBlob::Interpreter
v  ~BufferBlob::StubRoutines (1)

---------------  P R O C E S S  ---------------

Java Threads: ( => current thread )
  0x000000003c9b2c00 JavaThread "AWT-EventQueue-0" [_thread_blocked, id=4180, stack(0x0000000007d60000,0x0000000007de0000)]
  0x000000003c9b2800 JavaThread "AWT-EventQueue-0" [_thread_blocked, id=4728, stack(0x0000000007ce0000,0x0000000007d60000)]
  0x000000003c9b3c00 JavaThread "AWT-EventQueue-0" [_thread_blocked, id=1412, stack(0x0000000007c60000,0x0000000007ce0000)]
  0x000000003c9b4000 JavaThread "Thread-31" [_thread_blocked, id=5628, stack(0x0000000043a00000,0x0000000043a80000)]
  0x000000003c9b3400 JavaThread "Prefs Updater" [_thread_blocked, id=6044, stack(0x00000000408c0000,0x0000000040940000)]
  0x000000003c9b2000 JavaThread "Thread-9" [_thread_blocked, id=5192, stack(0x00000000409b0000,0x0000000040a30000)]
  0x000000003c9b1800 JavaThread "Thread-8" [_thread_blocked, id=7444, stack(0x00000000407c0000,0x0000000040840000)]
  0x000000003c9b1000 JavaThread "Thread-7" [_thread_blocked, id=3956, stack(0x000000003f610000,0x000000003f690000)]
  0x000000003d2a0000 JavaThread "Thread-6" [_thread_blocked, id=7684, stack(0x000000003f590000,0x000000003f610000)]
  0x000000003d29f800 JavaThread "Active Reference Queue Daemon" daemon [_thread_blocked, id=4372, stack(0x000000003db50000,0x000000003dbd0000)]
  0x000000003d1b8000 JavaThread "Timer-2" daemon [_thread_blocked, id=5620, stack(0x000000003dad0000,0x000000003db50000)]
  0x000000003cdd0000 JavaThread "Timer-1" daemon [_thread_blocked, id=7468, stack(0x000000003da20000,0x000000003daa0000)]
  0x00000000118a7c00 JavaThread "AWT-Windows" daemon [_thread_in_native, id=7900, stack(0x00000000118e0000,0x0000000011960000)]
  0x00000000118a2000 JavaThread "AWT-Shutdown" [_thread_blocked, id=7120, stack(0x000000000ff70000,0x000000000fff0000)]
  0x00000000118a1c00 JavaThread "Java2D Disposer" daemon [_thread_blocked, id=5844, stack(0x000000000fef0000,0x000000000ff70000)]
  0x0000000011119800 JavaThread "Timer-0" [_thread_blocked, id=7728, stack(0x000000000f740000,0x000000000f7c0000)]
  0x000000000faee400 JavaThread "JMI Unnamed Thread" [_thread_in_native, id=7364, stack(0x0000000008c60000,0x0000000009c60000)]
  0x000000000f98f400 JavaThread "Low Memory Detector" daemon [_thread_blocked, id=7764, stack(0x000000000f6c0000,0x000000000f740000)]
  0x000000000f98bc00 JavaThread "CompilerThread1" daemon [_thread_blocked, id=8080, stack(0x000000003a6a0000,0x000000003b6a0000)]
  0x000000000f984000 JavaThread "CompilerThread0" daemon [_thread_blocked, id=7260, stack(0x00000000396a0000,0x000000003a6a0000)]
  0x000000000f5bf800 JavaThread "Attach Listener" daemon [_thread_blocked, id=7116, stack(0x000000000f640000,0x000000000f6c0000)]
  0x000000000f59fc00 JavaThread "Finalizer" daemon [_thread_blocked, id=5476, stack(0x000000000f5c0000,0x000000000f640000)]
  0x000000000f59b400 JavaThread "Reference Handler" daemon [_thread_blocked, id=7452, stack(0x0000000007670000,0x00000000076f0000)]
=>0x00000000042dfc00 JavaThread "main" [_thread_in_native, id=8172, stack(0x0000000000030000,0x0000000001030000)]

Other Threads:
  0x000000000f973c00 VMThread [stack: 0x00000000386a0000,0x00000000396a0000] [id=7472]
  0x000000000f9a4400 WatcherThread [stack: 0x000000003b6a0000,0x000000003c6a0000] [id=8084]

VM state:at safepoint (normal execution)

VM Mutex/Monitor currently owned by a thread:  ([mutex/lock_event])
[0x00000000043af8e0/0x0000000000000444] Threads_lock - owner thread: 0x000000000f973c00
[0x00000000042dd650/0x0000000000000484] Heap_lock - owner thread: 0x000000003c9b2c00

Heap
 PSYoungGen      total 33472K, used 16768K [0x00000000265a0000, 0x00000000296a0000, 0x00000000296a0000)
  eden space 16768K, 100% used [0x00000000265a0000,0x0000000027600000,0x0000000027600000)
  from space 16704K, 0% used [0x0000000027600000,0x0000000027600000,0x0000000028650000)
  to   space 16704K, 0% used [0x0000000028650000,0x0000000028650000,0x00000000296a0000)
 PSOldGen        total 150528K, used 150522K [0x000000001d2a0000, 0x00000000265a0000, 0x00000000265a0000)
  object space 150528K, 99% used [0x000000001d2a0000,0x000000002659ea00,0x00000000265a0000)
 PSPermGen       total 49472K, used 49197K [0x00000000152a0000, 0x00000000182f0000, 0x000000001d2a0000)
  object space 49472K, 99% used [0x00000000152a0000,0x00000000182ab548,0x00000000182f0000)

Dynamic libraries:
0x0000000140000000 - 0x000000014002e000 	C:\Program Files\MATLAB\R2008b\bin\win64\MATLAB.exe
0x0000000077ae0000 - 0x0000000077c8b000 	C:\Windows\SYSTEM32\ntdll.dll
0x00000000778c0000 - 0x00000000779df000 	C:\Windows\system32\kernel32.dll
0x000007fefdb30000 - 0x000007fefdb9b000 	C:\Windows\system32\KERNELBASE.dll
0x0000000180000000 - 0x0000000180401000 	C:\Program Files\MATLAB\R2008b\bin\win64\libut.dll
0x000007fefe2a0000 - 0x000007fefe2b7000 	C:\Windows\system32\imagehlp.dll
0x000007feff9c0000 - 0x000007feffa5f000 	C:\Windows\system32\msvcrt.dll
0x0000000077ca0000 - 0x0000000077ca7000 	C:\Windows\system32\PSAPI.DLL
0x00000000010d0000 - 0x00000000010f8000 	C:\Program Files\MATLAB\R2008b\bin\win64\LIBEXPAT.dll
0x0000000074910000 - 0x00000000749d9000 	C:\Windows\WinSxS\amd64_microsoft.vc80.crt_1fc8b3b9a1e18e3b_8.0.50727.4927_none_88dce9872fb18caf\MSVCR80.dll
0x000000004a800000 - 0x000000004a917000 	C:\Program Files\MATLAB\R2008b\bin\win64\icuuc36.dll
0x000007feff410000 - 0x000007feff4eb000 	C:\Windows\system32\ADVAPI32.dll
0x000007feff8d0000 - 0x000007feff8ef000 	C:\Windows\SYSTEM32\sechost.dll
0x000007fefdf10000 - 0x000007fefe03e000 	C:\Windows\system32\RPCRT4.dll
0x0000000001220000 - 0x0000000001223000 	C:\Program Files\MATLAB\R2008b\bin\win64\icudt36.dll
0x000000004ab00000 - 0x000000004ab0f000 	C:\Program Files\MATLAB\R2008b\bin\win64\icuio36.dll
0x0000000001250000 - 0x0000000001356000 	C:\Program Files\MATLAB\R2008b\bin\win64\icuin36.dll
0x0000000074590000 - 0x0000000074699000 	C:\Windows\WinSxS\amd64_microsoft.vc80.crt_1fc8b3b9a1e18e3b_8.0.50727.4927_none_88dce9872fb18caf\MSVCP80.dll
0x00000000779e0000 - 0x0000000077ada000 	C:\Windows\system32\USER32.dll
0x000007fefde20000 - 0x000007fefde87000 	C:\Windows\system32\GDI32.dll
0x000007fefde10000 - 0x000007fefde1e000 	C:\Windows\system32\LPK.dll
0x000007fefe2d0000 - 0x000007fefe39a000 	C:\Windows\system32\USP10.dll
0x0000000001370000 - 0x00000000013b5000 	C:\Program Files\MATLAB\R2008b\bin\win64\libmwfl.dll
0x00000000013d0000 - 0x00000000013e3000 	C:\Program Files\MATLAB\R2008b\bin\win64\boost_signals-vc80-mt-1_34_1.dll
0x0000000001400000 - 0x0000000001410000 	C:\Program Files\MATLAB\R2008b\bin\win64\boost_thread-vc80-mt-1_34_1.dll
0x0000000001420000 - 0x000000000159e000 	C:\Program Files\MATLAB\R2008b\bin\win64\libmwservices.dll
0x00000000015b0000 - 0x0000000001624000 	C:\Program Files\MATLAB\R2008b\bin\win64\libmx.dll
0x0000000001640000 - 0x0000000001657000 	C:\Program Files\MATLAB\R2008b\bin\win64\zlib1.dll
0x0000000001660000 - 0x0000000001779000 	C:\Program Files\MATLAB\R2008b\bin\win64\libmwmathutil.dll
0x0000000001790000 - 0x00000000017e5000 	C:\Program Files\MATLAB\R2008b\bin\win64\mpath.dll
0x0000000001800000 - 0x0000000001841000 	C:\Program Files\MATLAB\R2008b\bin\win64\mlutil.dll
0x000007fef7cd0000 - 0x000007fef7d70000 	C:\Windows\WinSxS\amd64_microsoft.windows.common-controls_6595b64144ccf1df_5.82.7600.16661_none_a44e1fc257f685f6\COMCTL32.dll
0x000007feff920000 - 0x000007feff9b8000 	C:\Windows\system32\comdlg32.dll
0x000007feffc40000 - 0x000007feffcb1000 	C:\Windows\system32\SHLWAPI.dll
0x000007fefe3a0000 - 0x000007feff126000 	C:\Windows\system32\SHELL32.dll
0x000007fefb7c0000 - 0x000007fefb7d6000 	C:\Windows\system32\NETAPI32.dll
0x000007fefcf00000 - 0x000007fefcf0c000 	C:\Windows\system32\netutils.dll
0x000007fefd550000 - 0x000007fefd573000 	C:\Windows\system32\srvcli.dll
0x000007fefb7a0000 - 0x000007fefb7b5000 	C:\Windows\system32\wkscli.dll
0x000007feffcc0000 - 0x000007feffd0d000 	C:\Windows\system32\WS2_32.dll
0x000007fefe2c0000 - 0x000007fefe2c8000 	C:\Windows\system32\NSI.dll
0x0000000001860000 - 0x00000000018b5000 	C:\Program Files\MATLAB\R2008b\bin\win64\mcr.dll
0x00000000018d0000 - 0x0000000001908000 	C:\Program Files\MATLAB\R2008b\bin\win64\iqm.dll
0x0000000001920000 - 0x00000000021e9000 	C:\Program Files\MATLAB\R2008b\bin\win64\m_interpreter.dll
0x0000000002200000 - 0x0000000002210000 	C:\Program Files\MATLAB\R2008b\bin\win64\libmex.dll
0x0000000002220000 - 0x00000000022ad000 	C:\Program Files\MATLAB\R2008b\bin\win64\m_dispatcher.dll
0x00000000022c0000 - 0x00000000022e5000 	C:\Program Files\MATLAB\R2008b\bin\win64\datasvcs.dll
0x0000000012000000 - 0x0000000012295000 	C:\Program Files\MATLAB\R2008b\bin\win64\xerces-c_2_7.dll
0x0000000002310000 - 0x00000000023a1000 	C:\Program Files\MATLAB\R2008b\bin\win64\profiler.dll
0x00000000023c0000 - 0x00000000023e5000 	C:\Program Files\MATLAB\R2008b\bin\win64\libmwmathrng.dll
0x0000000002400000 - 0x000000000241a000 	C:\Program Files\MATLAB\R2008b\bin\win64\m_pcodeio.dll
0x0000000002430000 - 0x0000000002479000 	C:\Program Files\MATLAB\R2008b\bin\win64\m_ir.dll
0x0000000002490000 - 0x0000000002a68000 	C:\Program Files\MATLAB\R2008b\bin\win64\m_parser.dll
0x0000000002a80000 - 0x0000000002a92000 	C:\Program Files\MATLAB\R2008b\bin\win64\ir_xfmr.dll
0x0000000002ab0000 - 0x0000000002d0c000 	C:\Program Files\MATLAB\R2008b\bin\win64\mcos.dll
0x0000000002d20000 - 0x0000000002d2c000 	C:\Program Files\MATLAB\R2008b\bin\win64\mtok.dll
0x0000000002d40000 - 0x0000000002d60000 	C:\Program Files\MATLAB\R2008b\bin\win64\m_pcodegen.dll
0x000007feed3a0000 - 0x000007feed4c5000 	C:\Windows\system32\dbghelp.dll
0x0000000002d70000 - 0x0000000002d92000 	C:\Program Files\MATLAB\R2008b\bin\win64\bridge.dll
0x0000000002db0000 - 0x0000000002e70000 	C:\Program Files\MATLAB\R2008b\bin\win64\udd.dll
0x0000000002e80000 - 0x0000000002fd4000 	C:\Program Files\MATLAB\R2008b\bin\win64\libmwgui.dll
0x0000000002ff0000 - 0x000000000325f000 	C:\Program Files\MATLAB\R2008b\bin\win64\hg.dll
0x0000000003270000 - 0x00000000032a1000 	C:\Program Files\MATLAB\R2008b\bin\win64\libmat.dll
0x00000000032c0000 - 0x00000000033c7000 	C:\Program Files\MATLAB\R2008b\bin\win64\libhdf5.dll
0x00000000033d0000 - 0x000000000342d000 	C:\Program Files\MATLAB\R2008b\bin\win64\jmi.dll
0x0000000003440000 - 0x000000000347f000 	C:\Program Files\MATLAB\R2008b\bin\win64\libmwhardcopy.dll
0x0000000003490000 - 0x00000000034e7000 	C:\Program Files\MATLAB\R2008b\bin\win64\libuij.dll
0x0000000003500000 - 0x00000000035ee000 	C:\Program Files\MATLAB\R2008b\bin\win64\libmwmathlinalg.dll
0x0000000003600000 - 0x00000000037e8000 	C:\Program Files\MATLAB\R2008b\bin\win64\libmwmathelem.dll
0x0000000003800000 - 0x0000000003856000 	C:\Program Files\MATLAB\R2008b\bin\win64\libmwmathcore.dll
0x0000000003870000 - 0x0000000003921000 	C:\Program Files\MATLAB\R2008b\bin\win64\libmwcholmod.dll
0x0000000003940000 - 0x000000000394d000 	C:\Program Files\MATLAB\R2008b\bin\win64\libmwamd.dll
0x0000000003960000 - 0x000000000396c000 	C:\Program Files\MATLAB\R2008b\bin\win64\libmwcolamd.dll
0x0000000003980000 - 0x0000000003994000 	C:\Program Files\MATLAB\R2008b\bin\win64\libmwblas.dll
0x00000000039b0000 - 0x00000000039c1000 	C:\Program Files\MATLAB\R2008b\bin\win64\libmwbinder.dll
0x00000000039e0000 - 0x0000000003a5d000 	C:\Program Files\MATLAB\R2008b\bin\win64\libmwlapack.dll
0x0000000003a70000 - 0x0000000003aa4000 	C:\Program Files\MATLAB\R2008b\bin\win64\libmwrookfastbp.dll
0x0000000003ac0000 - 0x0000000003aed000 	C:\Program Files\MATLAB\R2008b\bin\win64\libmwma57.dll
0x0000000010000000 - 0x00000000100d3000 	C:\Program Files\MATLAB\R2008b\bin\win64\libifcoremd.dll
0x0000000003b00000 - 0x0000000003d1d000 	C:\Program Files\MATLAB\R2008b\bin\win64\libmmd.dll
0x0000000003d20000 - 0x0000000003d30000 	C:\Program Files\MATLAB\R2008b\bin\win64\libmwcsparse.dll
0x0000000003d40000 - 0x0000000003e13000 	C:\Program Files\MATLAB\R2008b\bin\win64\libmwumfpack.dll
0x0000000003e30000 - 0x000000000406b000 	C:\Program Files\MATLAB\R2008b\bin\win64\uiw.dll
0x0000000004080000 - 0x000000000408a000 	C:\Program Files\MATLAB\R2008b\bin\win64\uinone.dll
0x00000000679d0000 - 0x0000000067b6c000 	C:\Windows\WinSxS\amd64_microsoft.vc80.mfc_1fc8b3b9a1e18e3b_8.0.50727.4053_none_8444db7d32915e4c\MFC80.DLL
0x000007fef6950000 - 0x000007fef69c0000 	C:\Windows\system32\WINSPOOL.DRV
0x000007feff6c0000 - 0x000007feff8c2000 	C:\Windows\system32\ole32.dll
0x000007feffd10000 - 0x000007feffde7000 	C:\Windows\system32\OLEAUT32.dll
0x00000000040a0000 - 0x0000000004135000 	C:\Program Files\MATLAB\R2008b\bin\win64\udd_mi.dll
0x0000000004150000 - 0x0000000004168000 	C:\Program Files\MATLAB\R2008b\bin\win64\mwoles05.DLL
0x0000000004180000 - 0x00000000041ea000 	C:\Program Files\MATLAB\R2008b\bin\win64\comcli.dll
0x00000000748c0000 - 0x00000000748e0000 	C:\Windows\WinSxS\amd64_microsoft.vc80.atl_1fc8b3b9a1e18e3b_8.0.50727.4053_none_8a1a02152edb659b\ATL80.DLL
0x0000000004200000 - 0x000000000420e000 	C:\Program Files\MATLAB\R2008b\bin\win64\mlautoregister.dll
0x000007feff8f0000 - 0x000007feff91e000 	C:\Windows\system32\IMM32.DLL
0x000007feff300000 - 0x000007feff409000 	C:\Windows\system32\MSCTF.dll
0x00000000679c0000 - 0x00000000679cd000 	C:\Windows\WinSxS\amd64_microsoft.vc80.mfcloc_1fc8b3b9a1e18e3b_8.0.50727.4053_none_bc1d1e5b0be08790\MFC80ENU.DLL
0x000007fefc610000 - 0x000007fefc666000 	C:\Windows\system32\uxtheme.dll
0x000007fefda40000 - 0x000007fefda4f000 	C:\Windows\system32\profapi.dll
0x000007fefd930000 - 0x000007fefd93f000 	C:\Windows\system32\CRYPTBASE.dll
0x000007fefc670000 - 0x000007fefc864000 	C:\Windows\WinSxS\amd64_microsoft.windows.common-controls_6595b64144ccf1df_6.0.7600.16661_none_fa62ad231704eab7\comctl32.dll
0x000007feffa60000 - 0x000007feffc37000 	C:\Windows\system32\SETUPAPI.dll
0x000007fefdaf0000 - 0x000007fefdb26000 	C:\Windows\system32\CFGMGR32.dll
0x000007fefdd10000 - 0x000007fefdd2a000 	C:\Windows\system32\DEVOBJ.dll
0x000007fefbc30000 - 0x000007fefbc57000 	C:\Windows\system32\iphlpapi.dll
0x000007fefbca0000 - 0x000007fefbcab000 	C:\Windows\system32\WINNSI.DLL
0x000007fefd0f0000 - 0x000007fefd14b000 	C:\Windows\system32\DNSAPI.dll
0x000007fefb990000 - 0x000007fefb9a8000 	C:\Windows\system32\dhcpcsvc.DLL
0x000007fefb910000 - 0x000007fefb921000 	C:\Windows\system32\dhcpcsvc6.DLL
0x000007fefd8a0000 - 0x000007fefd8c5000 	C:\Windows\system32\SspiCli.dll
0x00000000679b0000 - 0x00000000679b3000 	C:\Windows\system32\icmp.Dll
0x000000000ed50000 - 0x000000000f2fa000 	C:\Program Files\MATLAB\R2008b\sys\java\jre\win64\jre\bin\server\jvm.dll
0x000007fef82b0000 - 0x000007fef82eb000 	C:\Windows\system32\WINMM.dll
0x0000000004530000 - 0x000000000453a000 	C:\Program Files\MATLAB\R2008b\sys\java\jre\win64\jre\bin\hpi.dll
0x0000000004560000 - 0x000000000456e000 	C:\Program Files\MATLAB\R2008b\sys\java\jre\win64\jre\bin\verify.dll
0x0000000004580000 - 0x00000000045a7000 	C:\Program Files\MATLAB\R2008b\sys\java\jre\win64\jre\bin\java.dll
0x00000000045b0000 - 0x00000000045c2000 	C:\Program Files\MATLAB\R2008b\sys\java\jre\win64\jre\bin\zip.dll
0x000000000ac60000 - 0x000000000ac81000 	C:\Program Files\MATLAB\R2008b\bin\win64\nativejava.dll
0x000000000ac90000 - 0x000000000acb1000 	C:\Program Files\MATLAB\R2008b\bin\win64\nativejmi.dll
0x0000000007010000 - 0x0000000007017000 	C:\Program Files\MATLAB\R2008b\bin\win64\nativeservices.dll
0x000000000fd50000 - 0x000000000feef000 	C:\Program Files\MATLAB\R2008b\sys\java\jre\win64\jre\bin\awt.dll
0x000007fefbda0000 - 0x000007fefbdb8000 	C:\Windows\system32\dwmapi.dll
0x0000000011960000 - 0x00000000119ca000 	C:\Program Files\MATLAB\R2008b\sys\java\jre\win64\jre\bin\fontmanager.dll
0x0000000011ec0000 - 0x0000000011ed7000 	C:\Program Files\MATLAB\R2008b\sys\java\jre\win64\jre\bin\net.dll
0x000007fefd270000 - 0x000007fefd2c4000 	C:\Windows\system32\mswsock.dll
0x000007fefd260000 - 0x000007fefd267000 	C:\Windows\System32\wship6.dll
0x0000000011ee0000 - 0x0000000011eeb000 	C:\Program Files\MATLAB\R2008b\sys\java\jre\win64\jre\bin\nio.dll
0x0000000011f70000 - 0x0000000011f77000 	C:\Program Files\MATLAB\R2008b\bin\win64\nativelmgr.dll
0x0000000011f90000 - 0x0000000011fc5000 	C:\Program Files\MATLAB\R2008b\sys\java\jre\win64\jre\bin\jpeg.dll

VM Arguments:
jvm_args: -Xss512k -XX:PermSize=32M -Xms64m -XX:NewRatio=3 -XX:MaxPermSize=128M -Xmx196m -XX:MaxDirectMemorySize=2147400000 -Dsun.java2d.noddraw=true -Dsun.awt.nopixfmt=true -Xshare:off -Xrs -Djava.library.path=C:\Program Files\MATLAB\R2008b\bin\win64 vfprintf abort 
java_command: <unknown>
Launcher Type: generic

Environment Variables:
PATH=C:\Perl64\site\bin;C:\Perl64\bin;c:\ruby\bin;C:\Program Files\Legato\nsr\bin;C:\Windows\system32;C:\Windows;C:\Windows\System32\Wbem;C:\Windows\System32\WindowsPowerShell\v1.0\;E:\Program Files\MATLAB\R2010b\bin;E:\Program Files\MATLAB\R2010a\bin;C:\Program Files\MATLAB\R2008b\bin;C:\Program Files\MATLAB\R2008b\bin\win64;C:\Program Files (x86)\Microsoft SQL Server\100\Tools\Binn\;C:\Program Files\Microsoft SQL Server\100\Tools\Binn\;C:\Program Files\Microsoft SQL Server\100\DTS\Binn\;C:\Program Files (x86)\Microsoft SQL Server\100\Tools\Binn\VSShell\Common7\IDE\;C:\Program Files (x86)\Microsoft SQL Server\100\DTS\Binn\;C:\Program Files (x86)\Microsoft Visual Studio 9.0\Common7\IDE\PrivateAssemblies\;C:\Program Files\TortoiseSVN\bin;E:\My Programs\Microsoft SQL Server JDBC Driver 2.0\sqljdbc_2.0\enu;C:\Program Files\OpenLink Software\UDA\bin\;E:\My Programs\Microsoft SQL Server JDBC Driver 2.0\sqljdbc_2.0\enu;C:\Program Files (x86)\Microsoft SQL Server\90\Tools\binn\;C:\Program Files (x86)\Dell\SysMgt\RAC5;C:\Program Files (x86)\Dell\SysMgt\oma\bin;C:\Program Files (x86)\Microsoft SQL Server\80\Tools\Binn\
USERNAME=G_Singhal
OS=Windows_NT
PROCESSOR_IDENTIFIER=Intel64 Family 6 Model 15 Stepping 11, GenuineIntel



---------------  S Y S T E M  ---------------

OS: Windows NT 6.1 Build 7600 

CPU:total 16 (4 cores per cpu, 1 threads per core) family 6 model 15 stepping 11, cmov, cx8, fxsr, mmx, sse, sse2, sse3, ssse3

Memory: 4k page, physical 134211900k(1613948k free), swap 268421900k(134245264k free)

vm_info: Java HotSpot(TM) 64-Bit Server VM (10.0-b19) for windows-amd64 JRE (1.6.0_04-b12), built on Dec 14 2007 00:44:23 by "java_re" with MS VC++ 8.0

time: Thu Mar 24 17:56:56 2011
elapsed time: 2604 seconds

